14:55:42: Creating resource group General
14:55:42: Creating resource group Internal
14:55:42: Creating resource group Autodetect
14:55:42: SceneManagerFactory for type 'DefaultSceneManager' registered.
14:55:42: Registering ResourceManager for type Material
14:55:42: Registering ResourceManager for type Mesh
14:55:42: Registering ResourceManager for type Skeleton
14:55:42: MovableObjectFactory for type 'ParticleSystem' registered.
14:55:42: OverlayElementFactory for type Panel registered.
14:55:42: OverlayElementFactory for type BorderPanel registered.
14:55:42: OverlayElementFactory for type TextArea registered.
14:55:42: Registering ResourceManager for type Font
14:55:42: ArchiveFactory for archive type FileSystem registered.
14:55:42: ArchiveFactory for archive type Zip registered.
14:55:42: FreeImage version: 3.10.0
14:55:42: This program uses FreeImage, a free, open source image library supporting all common bitmap formats. See http://freeimage.sourceforge.net for details
14:55:42: Supported formats: bmp,ico,jpg,jif,jpeg,jpe,jng,koa,iff,lbm,mng,pbm,pbm,pcd,pcx,pgm,pgm,png,ppm,ppm,ras,tga,targa,tif,tiff,wap,wbmp,wbm,psd,cut,xbm,xpm,gif,hdr,g3,sgi,exr,j2k,j2c,jp2
14:55:42: DDS codec registering
14:55:42: Registering ResourceManager for type HighLevelGpuProgram
14:55:42: Registering ResourceManager for type Compositor
14:55:42: MovableObjectFactory for type 'Entity' registered.
14:55:42: MovableObjectFactory for type 'Light' registered.
14:55:42: MovableObjectFactory for type 'BillboardSet' registered.
14:55:42: MovableObjectFactory for type 'ManualObject' registered.
14:55:42: MovableObjectFactory for type 'BillboardChain' registered.
14:55:42: MovableObjectFactory for type 'RibbonTrail' registered.
14:55:42: OGRE EXCEPTION(6:FileNotFoundException): 'plugins.cfg' file not found! in ConfigFile::load at f:\codingextra\ogre\shoggoth_vc9\ogre\ogremain\src\ogreconfigfile.cpp (line 84)
14:55:42: plugins.cfg not found, automatic plugin loading disabled.
14:55:42: *-*-* OGRE Initialising
14:55:42: *-*-* Version 1.6.3 (Shoggoth)
14:55:42: OGRE EXCEPTION(6:FileNotFoundException): 'resources.cfg' file not found! in ConfigFile::load at f:\codingextra\ogre\shoggoth_vc9\ogre\ogremain\src\ogreconfigfile.cpp (line 84)
14:55:48: *-*-* OGRE Shutdown
14:55:48: Unregistering ResourceManager for type Compositor
14:55:48: Unregistering ResourceManager for type Font
14:55:48: Unregistering ResourceManager for type Skeleton
14:55:48: Unregistering ResourceManager for type Mesh
14:55:48: Unregistering ResourceManager for type HighLevelGpuProgram
14:55:48: Unregistering ResourceManager for type Material
