13:13:33: Creating resource group General
13:13:33: Creating resource group Internal
13:13:33: Creating resource group Autodetect
13:13:33: SceneManagerFactory for type 'DefaultSceneManager' registered.
13:13:33: Registering ResourceManager for type Material
13:13:33: Registering ResourceManager for type Mesh
13:13:33: Registering ResourceManager for type Skeleton
13:13:33: MovableObjectFactory for type 'ParticleSystem' registered.
13:13:33: OverlayElementFactory for type Panel registered.
13:13:33: OverlayElementFactory for type BorderPanel registered.
13:13:33: OverlayElementFactory for type TextArea registered.
13:13:33: Registering ResourceManager for type Font
13:13:33: ArchiveFactory for archive type FileSystem registered.
13:13:33: ArchiveFactory for archive type Zip registered.
13:13:33: FreeImage version: 3.10.0
13:13:33: This program uses FreeImage, a free, open source image library supporting all common bitmap formats. See http://freeimage.sourceforge.net for details
13:13:33: Supported formats: bmp,ico,jpg,jif,jpeg,jpe,jng,koa,iff,lbm,mng,pbm,pbm,pcd,pcx,pgm,pgm,png,ppm,ppm,ras,tga,targa,tif,tiff,wap,wbmp,wbm,psd,cut,xbm,xpm,gif,hdr,g3,sgi,exr,j2k,j2c,jp2
13:13:33: DDS codec registering
13:13:33: Registering ResourceManager for type HighLevelGpuProgram
13:13:33: Registering ResourceManager for type Compositor
13:13:33: MovableObjectFactory for type 'Entity' registered.
13:13:33: MovableObjectFactory for type 'Light' registered.
13:13:33: MovableObjectFactory for type 'BillboardSet' registered.
13:13:33: MovableObjectFactory for type 'ManualObject' registered.
13:13:33: MovableObjectFactory for type 'BillboardChain' registered.
13:13:33: MovableObjectFactory for type 'RibbonTrail' registered.
13:13:33: OGRE EXCEPTION(6:FileNotFoundException): 'plugins.cfg' file not found! in ConfigFile::load at f:\codingextra\ogre\shoggoth_vc9\ogre\ogremain\src\ogreconfigfile.cpp (line 84)
13:13:33: plugins.cfg not found, automatic plugin loading disabled.
13:13:33: *-*-* OGRE Initialising
13:13:33: *-*-* Version 1.6.3 (Shoggoth)
13:13:33: OGRE EXCEPTION(6:FileNotFoundException): 'resources.cfg' file not found! in ConfigFile::load at f:\codingextra\ogre\shoggoth_vc9\ogre\ogremain\src\ogreconfigfile.cpp (line 84)
13:13:35: *-*-* OGRE Shutdown
13:13:35: Unregistering ResourceManager for type Compositor
13:13:35: Unregistering ResourceManager for type Font
13:13:35: Unregistering ResourceManager for type Skeleton
13:13:35: Unregistering ResourceManager for type Mesh
13:13:35: Unregistering ResourceManager for type HighLevelGpuProgram
13:13:35: Unregistering ResourceManager for type Material
