12:58:32: Creating resource group General
12:58:32: Creating resource group Internal
12:58:32: Creating resource group Autodetect
12:58:32: SceneManagerFactory for type 'DefaultSceneManager' registered.
12:58:32: Registering ResourceManager for type Material
12:58:32: Registering ResourceManager for type Mesh
12:58:32: Registering ResourceManager for type Skeleton
12:58:32: MovableObjectFactory for type 'ParticleSystem' registered.
12:58:32: OverlayElementFactory for type Panel registered.
12:58:32: OverlayElementFactory for type BorderPanel registered.
12:58:32: OverlayElementFactory for type TextArea registered.
12:58:32: Registering ResourceManager for type Font
12:58:32: ArchiveFactory for archive type FileSystem registered.
12:58:32: ArchiveFactory for archive type Zip registered.
12:58:32: FreeImage version: 3.10.0
12:58:32: This program uses FreeImage, a free, open source image library supporting all common bitmap formats. See http://freeimage.sourceforge.net for details
12:58:32: Supported formats: bmp,ico,jpg,jif,jpeg,jpe,jng,koa,iff,lbm,mng,pbm,pbm,pcd,pcx,pgm,pgm,png,ppm,ppm,ras,tga,targa,tif,tiff,wap,wbmp,wbm,psd,cut,xbm,xpm,gif,hdr,g3,sgi,exr,j2k,j2c,jp2
12:58:32: DDS codec registering
12:58:32: Registering ResourceManager for type HighLevelGpuProgram
12:58:32: Registering ResourceManager for type Compositor
12:58:32: MovableObjectFactory for type 'Entity' registered.
12:58:32: MovableObjectFactory for type 'Light' registered.
12:58:32: MovableObjectFactory for type 'BillboardSet' registered.
12:58:32: MovableObjectFactory for type 'ManualObject' registered.
12:58:32: MovableObjectFactory for type 'BillboardChain' registered.
12:58:32: MovableObjectFactory for type 'RibbonTrail' registered.
12:58:32: OGRE EXCEPTION(6:FileNotFoundException): 'plugins.cfg' file not found! in ConfigFile::load at ..\src\OgreConfigFile.cpp (line 84)
12:58:32: plugins.cfg not found, automatic plugin loading disabled.
12:58:32: *-*-* OGRE Initialising
12:58:32: *-*-* Version 1.6.3 (Shoggoth)
12:58:32: OGRE EXCEPTION(6:FileNotFoundException): 'resources.cfg' file not found! in ConfigFile::load at ..\src\OgreConfigFile.cpp (line 84)
12:58:34: *-*-* OGRE Shutdown
12:58:34: Unregistering ResourceManager for type Compositor
12:58:34: Unregistering ResourceManager for type Font
12:58:34: Unregistering ResourceManager for type Skeleton
12:58:34: Unregistering ResourceManager for type Mesh
12:58:34: Unregistering ResourceManager for type HighLevelGpuProgram
12:58:34: Unregistering ResourceManager for type Material
